
****** PlanAhead v14.7 (64-bit)
  **** Build 321239 by xbuild on Fri Sep 27 19:24:36 MDT 2013
    ** Copyright 1986-1999, 2001-2013 Xilinx, Inc. All Rights Reserved.

INFO: [Common 17-78] Attempting to get a license: PlanAhead
INFO: [Common 17-290] Got license for PlanAhead
INFO: [Common 17-86] Your PlanAhead license expires in -370 day(s)
INFO: [Device 21-36] Loading parts and site information from /opt/Xilinx/14.7/ISE_DS/PlanAhead/data/parts/arch.xml
Parsing RTL primitives file [/opt/Xilinx/14.7/ISE_DS/PlanAhead/data/parts/xilinx/rtl/prims/rtl_prims.xml]
Finished parsing RTL primitives file [/opt/Xilinx/14.7/ISE_DS/PlanAhead/data/parts/xilinx/rtl/prims/rtl_prims.xml]
start_gui
source /home/liangyongning/mypro/Stardust/Stardust/pa.fromNetlist.tcl
# create_project -name Stardust -dir "/home/liangyongning/mypro/Stardust/Stardust/planAhead_run_2" -part xc3s1200efg320-4
# set_property design_mode GateLvl [get_property srcset [current_run -impl]]
# set_property edif_top_file "/home/liangyongning/mypro/Stardust/Stardust/cpu_top.ngc" [ get_property srcset [ current_run ] ]
# add_files -norecurse { {/home/liangyongning/mypro/Stardust/Stardust} }
# set_param project.pinAheadLayout  yes
# set_property target_constrs_file "cpu_top.ucf" [current_fileset -constrset]
Adding file '/home/liangyongning/mypro/Stardust/Stardust/cpu_top.ucf' to fileset 'constrs_1'
# add_files [list {cpu_top.ucf}] -fileset [get_property constrset [current_run]]
# link_design
Design is defaulting to srcset: sources_1
Design is defaulting to constrset: constrs_1
Design is defaulting to project part: xc3s1200efg320-4
Release 14.7 - ngc2edif P.20131013 (lin64)
Copyright (c) 1995-2013 Xilinx, Inc.  All rights reserved.

Release 14.7 - ngc2edif P.20131013 (lin64)
Copyright (c) 1995-2013 Xilinx, Inc.  All rights reserved.
Reading design cpu_top.ngc ...
WARNING:NetListWriters:298 - No output is written to cpu_top.xncf, ignored.
Processing design ...
   Preping design's networks ...
   Preping design's macros ...
  finished :Prep
Writing EDIF netlist file cpu_top.edif ...
ngc2edif: Total memory usage is 103644 kilobytes

Parsing EDIF File [./planAhead_run_2/Stardust.data/cache/cpu_top_ngc_61e18574.edif]
Finished Parsing EDIF File [./planAhead_run_2/Stardust.data/cache/cpu_top_ngc_61e18574.edif]

    while executing
"link_design"
    (file "/home/liangyongning/mypro/Stardust/Stardust/pa.fromNetlist.tcl" line 11)
exit
ERROR: [Common 17-39] 'stop_gui' failed due to earlier errors.
INFO: [Common 17-206] Exiting PlanAhead at Fri Jan  5 10:10:52 2018...
INFO: [Common 17-83] Releasing license: PlanAhead
