Release 14.7 Map P.20131013 (lin64)
Xilinx Mapping Report File for Design 'RAM1'

Design Information
------------------
Command Line   : map -intstyle ise -p xc3s1200e-fg320-4 -cm area -ir off -pr off
-c 100 -o RAM1_map.ncd RAM1.ngd RAM1.pcf 
Target Device  : xc3s1200e
Target Package : fg320
Target Speed   : -4
Mapper Version : spartan3e -- $Revision: 1.55 $
Mapped Date    : Wed Jan  3 14:57:16 2018

Design Summary
--------------
Number of errors:      0
Number of warnings:    9
Logic Utilization:
  Number of Slice Flip Flops:            36 out of  17,344    1%
  Number of 4 input LUTs:                 1 out of  17,344    1%
Logic Distribution:
  Number of occupied Slices:             19 out of   8,672    1%
    Number of Slices containing only related logic:      19 out of      19 100%
    Number of Slices containing unrelated logic:          0 out of      19   0%
      *See NOTES below for an explanation of the effects of unrelated logic.
  Total Number of 4 input LUTs:           1 out of  17,344    1%
  Number of bonded IOBs:                 71 out of     250   28%
  Number of BUFGMUXs:                     1 out of      24    4%

Average Fanout of Non-Clock Nets:                1.53

Peak Memory Usage:  601 MB
Total REAL time to MAP completion:  3 secs 
Total CPU time to MAP completion:   1 secs 

NOTES:

   Related logic is defined as being logic that shares connectivity - e.g. two
   LUTs are "related" if they share common inputs.  When assembling slices,
   Map gives priority to combine logic that is related.  Doing so results in
   the best timing performance.

   Unrelated logic shares no connectivity.  Map will only begin packing
   unrelated logic into a slice once 99% of the slices are occupied through
   related logic packing.

   Note that once logic distribution reaches the 99% level through related
   logic packing, this does not mean the device is completely utilized.
   Unrelated logic packing will then begin, continuing until all usable LUTs
   and FFs are occupied.  Depending on your timing budget, increased levels of
   unrelated logic packing may adversely affect the overall timing performance
   of your design.

Table of Contents
-----------------
Section 1 - Errors
Section 2 - Warnings
Section 3 - Informational
Section 4 - Removed Logic Summary
Section 5 - Removed Logic
Section 6 - IOB Properties
Section 7 - RPMs
Section 8 - Guide Report
Section 9 - Area Group and Partition Summary
Section 10 - Timing Report
Section 11 - Configuration String Information
Section 12 - Control Set Information
Section 13 - Utilization by Hierarchy

Section 1 - Errors
------------------

Section 2 - Warnings
--------------------
WARNING:Security:42 - Your software subscription period has lapsed. Your current
version of Xilinx tools will continue to function, but you no longer qualify for
Xilinx software updates or new releases.
WARNING:MapLib:701 - Signal SerialPort<9> connected to top level port
   SerialPort<9> has been removed.
WARNING:MapLib:701 - Signal SerialPort<8> connected to top level port
   SerialPort<8> has been removed.
WARNING:MapLib:701 - Signal SerialPort<7> connected to top level port
   SerialPort<7> has been removed.
WARNING:MapLib:701 - Signal SerialPort<6> connected to top level port
   SerialPort<6> has been removed.
WARNING:MapLib:701 - Signal SerialPort<5> connected to top level port
   SerialPort<5> has been removed.
WARNING:MapLib:701 - Signal SerialPort<4> connected to top level port
   SerialPort<4> has been removed.
WARNING:MapLib:701 - Signal SerialPort<2> connected to top level port
   SerialPort<2> has been removed.
WARNING:MapLib:701 - Signal SerialPort<1> connected to top level port
   SerialPort<1> has been removed.
WARNING:MapLib:701 - Signal SerialPort<0> connected to top level port
   SerialPort<0> has been removed.

Section 3 - Informational
-------------------------
INFO:Security:54 - 'xc3s1200e' is a WebPack part.
INFO:MapLib:562 - No environment variables are currently set.
INFO:LIT:244 - All of the single ended outputs in this design are using slew
   rate limited output drivers. The delay on speed critical single ended outputs
   can be dramatically reduced by designating them as fast outputs.

Section 4 - Removed Logic Summary
---------------------------------
  18 block(s) removed
   2 block(s) optimized away
   9 signal(s) removed

Section 5 - Removed Logic
-------------------------

The trimmed logic reported below is either:
   1. part of a cycle
   2. part of disabled logic
   3. a side-effect of other trimmed logic

The signal "SerialPort<0>" is unused and has been removed.
 Unused block "SerialPort_0_OBUFT" (TRI) removed.
The signal "SerialPort<1>" is unused and has been removed.
 Unused block "SerialPort_1_OBUFT" (TRI) removed.
The signal "SerialPort<2>" is unused and has been removed.
 Unused block "SerialPort_2_OBUFT" (TRI) removed.
The signal "SerialPort<4>" is unused and has been removed.
 Unused block "SerialPort_4_OBUFT" (TRI) removed.
The signal "SerialPort<5>" is unused and has been removed.
 Unused block "SerialPort_5_OBUFT" (TRI) removed.
The signal "SerialPort<6>" is unused and has been removed.
 Unused block "SerialPort_6_OBUFT" (TRI) removed.
The signal "SerialPort<7>" is unused and has been removed.
 Unused block "SerialPort_7_OBUFT" (TRI) removed.
The signal "SerialPort<8>" is unused and has been removed.
 Unused block "SerialPort_8_OBUFT" (TRI) removed.
The signal "SerialPort<9>" is unused and has been removed.
 Unused block "SerialPort_9_OBUFT" (TRI) removed.
Unused block "SerialPort<0>" (PAD) removed.
Unused block "SerialPort<1>" (PAD) removed.
Unused block "SerialPort<2>" (PAD) removed.
Unused block "SerialPort<4>" (PAD) removed.
Unused block "SerialPort<5>" (PAD) removed.
Unused block "SerialPort<6>" (PAD) removed.
Unused block "SerialPort<7>" (PAD) removed.
Unused block "SerialPort<8>" (PAD) removed.
Unused block "SerialPort<9>" (PAD) removed.

Optimized Block(s):
TYPE 		BLOCK
GND 		XST_GND
VCC 		XST_VCC

Section 6 - IOB Properties
--------------------------

+---------------------------------------------------------------------------------------------------------------------------------------------------------+
| IOB Name                           | Type             | Direction | IO Standard          | Diff  | Drive    | Slew | Reg (s)      | Resistor | IOB      |
|                                    |                  |           |                      | Term  | Strength | Rate |              |          | Delay    |
+---------------------------------------------------------------------------------------------------------------------------------------------------------+
| EN                                 | IOB              | OUTPUT    | LVCMOS25             |       | 12       | SLOW |              |          | 0 / 0    |
| OE                                 | IOB              | OUTPUT    | LVCMOS25             |       | 12       | SLOW |              |          | 0 / 0    |
| SerialPort<3>                      | IOB              | OUTPUT    | LVCMOS25             |       | 12       | SLOW |              |          | 0 / 0    |
| WE                                 | IOB              | OUTPUT    | LVCMOS25             |       | 12       | SLOW |              |          | 0 / 0    |
| clk                                | IBUF             | INPUT     | LVCMOS25             |       |          |      |              |          | 0 / 0    |
| data<0>                            | IBUF             | INPUT     | LVCMOS25             |       |          |      |              |          | 0 / 0    |
| data<1>                            | IBUF             | INPUT     | LVCMOS25             |       |          |      |              |          | 0 / 0    |
| data<2>                            | IBUF             | INPUT     | LVCMOS25             |       |          |      |              |          | 0 / 0    |
| data<3>                            | IBUF             | INPUT     | LVCMOS25             |       |          |      |              |          | 0 / 0    |
| data<4>                            | IBUF             | INPUT     | LVCMOS25             |       |          |      |              |          | 0 / 0    |
| data<5>                            | IBUF             | INPUT     | LVCMOS25             |       |          |      |              |          | 0 / 0    |
| data<6>                            | IBUF             | INPUT     | LVCMOS25             |       |          |      |              |          | 0 / 0    |
| data<7>                            | IBUF             | INPUT     | LVCMOS25             |       |          |      |              |          | 0 / 0    |
| data<8>                            | IBUF             | INPUT     | LVCMOS25             |       |          |      |              |          | 0 / 0    |
| data<9>                            | IBUF             | INPUT     | LVCMOS25             |       |          |      |              |          | 0 / 0    |
| data<10>                           | IBUF             | INPUT     | LVCMOS25             |       |          |      |              |          | 0 / 0    |
| data<11>                           | IBUF             | INPUT     | LVCMOS25             |       |          |      |              |          | 0 / 0    |
| data<12>                           | IBUF             | INPUT     | LVCMOS25             |       |          |      |              |          | 0 / 0    |
| data<13>                           | IBUF             | INPUT     | LVCMOS25             |       |          |      |              |          | 0 / 0    |
| data<14>                           | IBUF             | INPUT     | LVCMOS25             |       |          |      |              |          | 0 / 0    |
| data<15>                           | IBUF             | INPUT     | LVCMOS25             |       |          |      |              |          | 0 / 0    |
| instrution<0>                      | IOB              | OUTPUT    | LVCMOS25             |       | 12       | SLOW |              |          | 0 / 0    |
| instrution<1>                      | IOB              | OUTPUT    | LVCMOS25             |       | 12       | SLOW |              |          | 0 / 0    |
| instrution<2>                      | IOB              | OUTPUT    | LVCMOS25             |       | 12       | SLOW |              |          | 0 / 0    |
| instrution<3>                      | IOB              | OUTPUT    | LVCMOS25             |       | 12       | SLOW |              |          | 0 / 0    |
| instrution<4>                      | IOB              | OUTPUT    | LVCMOS25             |       | 12       | SLOW |              |          | 0 / 0    |
| instrution<5>                      | IOB              | OUTPUT    | LVCMOS25             |       | 12       | SLOW |              |          | 0 / 0    |
| instrution<6>                      | IOB              | OUTPUT    | LVCMOS25             |       | 12       | SLOW |              |          | 0 / 0    |
| instrution<7>                      | IOB              | OUTPUT    | LVCMOS25             |       | 12       | SLOW |              |          | 0 / 0    |
| instrution<8>                      | IOB              | OUTPUT    | LVCMOS25             |       | 12       | SLOW |              |          | 0 / 0    |
| instrution<9>                      | IOB              | OUTPUT    | LVCMOS25             |       | 12       | SLOW |              |          | 0 / 0    |
| instrution<10>                     | IOB              | OUTPUT    | LVCMOS25             |       | 12       | SLOW |              |          | 0 / 0    |
| instrution<11>                     | IOB              | OUTPUT    | LVCMOS25             |       | 12       | SLOW |              |          | 0 / 0    |
| instrution<12>                     | IOB              | OUTPUT    | LVCMOS25             |       | 12       | SLOW |              |          | 0 / 0    |
| instrution<13>                     | IOB              | OUTPUT    | LVCMOS25             |       | 12       | SLOW |              |          | 0 / 0    |
| instrution<14>                     | IOB              | OUTPUT    | LVCMOS25             |       | 12       | SLOW |              |          | 0 / 0    |
| instrution<15>                     | IOB              | OUTPUT    | LVCMOS25             |       | 12       | SLOW |              |          | 0 / 0    |
| instrution_addr<0>                 | IBUF             | INPUT     | LVCMOS25             |       |          |      |              |          | 0 / 0    |
| instrution_addr<1>                 | IBUF             | INPUT     | LVCMOS25             |       |          |      |              |          | 0 / 0    |
| instrution_addr<2>                 | IBUF             | INPUT     | LVCMOS25             |       |          |      |              |          | 0 / 0    |
| instrution_addr<3>                 | IBUF             | INPUT     | LVCMOS25             |       |          |      |              |          | 0 / 0    |
| instrution_addr<4>                 | IBUF             | INPUT     | LVCMOS25             |       |          |      |              |          | 0 / 0    |
| instrution_addr<5>                 | IBUF             | INPUT     | LVCMOS25             |       |          |      |              |          | 0 / 0    |
| instrution_addr<6>                 | IBUF             | INPUT     | LVCMOS25             |       |          |      |              |          | 0 / 0    |
| instrution_addr<7>                 | IBUF             | INPUT     | LVCMOS25             |       |          |      |              |          | 0 / 0    |
| instrution_addr<8>                 | IBUF             | INPUT     | LVCMOS25             |       |          |      |              |          | 0 / 0    |
| instrution_addr<9>                 | IBUF             | INPUT     | LVCMOS25             |       |          |      |              |          | 0 / 0    |
| instrution_addr<10>                | IBUF             | INPUT     | LVCMOS25             |       |          |      |              |          | 0 / 0    |
| instrution_addr<11>                | IBUF             | INPUT     | LVCMOS25             |       |          |      |              |          | 0 / 0    |
| instrution_addr<12>                | IBUF             | INPUT     | LVCMOS25             |       |          |      |              |          | 0 / 0    |
| instrution_addr<13>                | IBUF             | INPUT     | LVCMOS25             |       |          |      |              |          | 0 / 0    |
| instrution_addr<14>                | IBUF             | INPUT     | LVCMOS25             |       |          |      |              |          | 0 / 0    |
| instrution_addr<15>                | IBUF             | INPUT     | LVCMOS25             |       |          |      |              |          | 0 / 0    |
| ramAddr<0>                         | IOB              | OUTPUT    | LVCMOS25             |       | 12       | SLOW |              |          | 0 / 0    |
| ramAddr<1>                         | IOB              | OUTPUT    | LVCMOS25             |       | 12       | SLOW |              |          | 0 / 0    |
| ramAddr<2>                         | IOB              | OUTPUT    | LVCMOS25             |       | 12       | SLOW |              |          | 0 / 0    |
| ramAddr<3>                         | IOB              | OUTPUT    | LVCMOS25             |       | 12       | SLOW |              |          | 0 / 0    |
| ramAddr<4>                         | IOB              | OUTPUT    | LVCMOS25             |       | 12       | SLOW |              |          | 0 / 0    |
| ramAddr<5>                         | IOB              | OUTPUT    | LVCMOS25             |       | 12       | SLOW |              |          | 0 / 0    |
| ramAddr<6>                         | IOB              | OUTPUT    | LVCMOS25             |       | 12       | SLOW |              |          | 0 / 0    |
| ramAddr<7>                         | IOB              | OUTPUT    | LVCMOS25             |       | 12       | SLOW |              |          | 0 / 0    |
| ramAddr<8>                         | IOB              | OUTPUT    | LVCMOS25             |       | 12       | SLOW |              |          | 0 / 0    |
| ramAddr<9>                         | IOB              | OUTPUT    | LVCMOS25             |       | 12       | SLOW |              |          | 0 / 0    |
| ramAddr<10>                        | IOB              | OUTPUT    | LVCMOS25             |       | 12       | SLOW |              |          | 0 / 0    |
| ramAddr<11>                        | IOB              | OUTPUT    | LVCMOS25             |       | 12       | SLOW |              |          | 0 / 0    |
| ramAddr<12>                        | IOB              | OUTPUT    | LVCMOS25             |       | 12       | SLOW |              |          | 0 / 0    |
| ramAddr<13>                        | IOB              | OUTPUT    | LVCMOS25             |       | 12       | SLOW |              |          | 0 / 0    |
| ramAddr<14>                        | IOB              | OUTPUT    | LVCMOS25             |       | 12       | SLOW |              |          | 0 / 0    |
| ramAddr<15>                        | IOB              | OUTPUT    | LVCMOS25             |       | 12       | SLOW |              |          | 0 / 0    |
| ramAddr<16>                        | IOB              | OUTPUT    | LVCMOS25             |       | 12       | SLOW |              |          | 0 / 0    |
| ramAddr<17>                        | IOB              | OUTPUT    | LVCMOS25             |       | 12       | SLOW |              |          | 0 / 0    |
+---------------------------------------------------------------------------------------------------------------------------------------------------------+

Section 7 - RPMs
----------------

Section 8 - Guide Report
------------------------
Guide not run on this design.

Section 9 - Area Group and Partition Summary
--------------------------------------------

Partition Implementation Status
-------------------------------

  No Partitions were found in this design.

-------------------------------

Area Group Information
----------------------

  No area groups were found in this design.

----------------------

Section 10 - Timing Report
--------------------------
This design was not run using timing mode.

Section 11 - Configuration String Details
-----------------------------------------
Use the "-detail" map option to print out Configuration Strings

Section 12 - Control Set Information
------------------------------------
No control set information for this architecture.

Section 13 - Utilization by Hierarchy
-------------------------------------
Use the "-detail" map option to print out the Utilization by Hierarchy section.
