#-----------------------------------------------------------
# PlanAhead v14.7 (64-bit)
# Build 321239 by xbuild on Fri Sep 27 19:24:36 MDT 2013
# Start of session at: Fri Jan  5 10:11:23 2018
# Process ID: 12718
# Log file: /home/liangyongning/mypro/Stardust/Stardust/planAhead_run_2/planAhead.log
# Journal file: /home/liangyongning/mypro/Stardust/Stardust/planAhead_run_2/planAhead.jou
#-----------------------------------------------------------
INFO: [Common 17-78] Attempting to get a license: PlanAhead
INFO: [Common 17-290] Got license for PlanAhead
INFO: [Common 17-86] Your PlanAhead license expires in -370 day(s)
INFO: [Device 21-36] Loading parts and site information from /opt/Xilinx/14.7/ISE_DS/PlanAhead/data/parts/arch.xml
Parsing RTL primitives file [/opt/Xilinx/14.7/ISE_DS/PlanAhead/data/parts/xilinx/rtl/prims/rtl_prims.xml]
Finished parsing RTL primitives file [/opt/Xilinx/14.7/ISE_DS/PlanAhead/data/parts/xilinx/rtl/prims/rtl_prims.xml]
start_gui
source /home/liangyongning/mypro/Stardust/Stardust/pa.fromNetlist.tcl
# create_project -name Stardust -dir "/home/liangyongning/mypro/Stardust/Stardust/planAhead_run_2" -part xc3s1200efg320-4
ERROR: [Common 17-53] User Exception: Project already exists on disk, please use '-force' option to overwrite: 
     /home/liangyongning/mypro/Stardust/Stardust/planAhead_run_2/Stardust.ppr
     /home/liangyongning/mypro/Stardust/Stardust/planAhead_run_2/Stardust.data

    while executing
"create_project -name Stardust -dir "/home/liangyongning/mypro/Stardust/Stardust/planAhead_run_2" -part xc3s1200efg320-4"
    (file "/home/liangyongning/mypro/Stardust/Stardust/pa.fromNetlist.tcl" line 4)
exit
INFO: [Common 17-206] Exiting PlanAhead at Fri Jan  5 10:11:37 2018...
INFO: [Common 17-83] Releasing license: PlanAhead
